app/build/intermediates/manifest_merge_blame_file/debug/manifest-merger-blame-debug-report.txt
1<?xml version="1.0" encoding="utf-8"?>
2<manifest xmlns:android="http://schemas.android.com/apk/res/android"
3    package="com.example.epsify"
4    android:versionCode="1"
5    android:versionName="1.0" >
6
7    <uses-sdk
8        android:minSdkVersion="23"
8-->src\main\AndroidManifest.xml
9        android:targetSdkVersion="31" />
9-->src\main\AndroidManifest.xml
10
11    <uses-permission android:name="android.permission.INTERNET" />
11-->src\main\AndroidManifest.xml:5:5-67
11-->src\main\AndroidManifest.xml:5:22-64
12    <uses-permission android:name="android.permission.ACCESS_NETWORK_STATE" /> <!-- Optional permission for Analytics to run. -->
12-->[com.google.android.gms:play-services-analytics-impl:17.0.0] AndroidManifest.xml:24:5-79
12-->[com.google.android.gms:play-services-analytics-impl:17.0.0] AndroidManifest.xml:24:22-76
13    <uses-permission android:name="android.permission.WAKE_LOCK" />
13-->[com.google.android.gms:play-services-analytics-impl:17.0.0] AndroidManifest.xml:27:5-68
13-->[com.google.android.gms:play-services-analytics-impl:17.0.0] AndroidManifest.xml:27:22-65
14
15    <application
15-->src\main\AndroidManifest.xml:7:5-56:19
16        android:allowBackup="true"
16-->src\main\AndroidManifest.xml:8:9-35
17        android:appComponentFactory="androidx.core.app.CoreComponentFactory"
17-->[androidx.core:core:1.7.0] AndroidManifest.xml:24:18-86
18        android:debuggable="true"
19        android:extractNativeLibs="false"
20        android:icon="@mipmap/ic_launcher"
20-->src\main\AndroidManifest.xml:9:9-43
21        android:label="@string/app_name"
21-->src\main\AndroidManifest.xml:10:9-41
22        android:roundIcon="@mipmap/ic_launcher_round"
22-->src\main\AndroidManifest.xml:11:9-54
23        android:supportsRtl="true"
23-->src\main\AndroidManifest.xml:12:9-35
24        android:testOnly="true"
25        android:theme="@style/Theme.Epsify" >
25-->src\main\AndroidManifest.xml:13:9-44
26        <activity
26-->src\main\AndroidManifest.xml:14:9-16:40
27            android:name="com.example.epsify.FromagesActivity"
27-->src\main\AndroidManifest.xml:15:13-45
28            android:exported="false" />
28-->src\main\AndroidManifest.xml:16:13-37
29        <activity
29-->src\main\AndroidManifest.xml:17:9-19:40
30            android:name="com.example.epsify.BoissonsActivity"
30-->src\main\AndroidManifest.xml:18:13-45
31            android:exported="false" />
31-->src\main\AndroidManifest.xml:19:13-37
32        <activity
32-->src\main\AndroidManifest.xml:20:9-22:40
33            android:name="com.example.epsify.RayonsActivity"
33-->src\main\AndroidManifest.xml:21:13-43
34            android:exported="false" /> <!-- <activity -->
34-->src\main\AndroidManifest.xml:22:13-37
35        <!-- android:name=".ProductActivity" -->
36        <!-- android:exported="false" /> -->
37        <!-- <activity -->
38        <!-- android:name=".ProductAdapter" -->
39        <!-- android:exported="false" /> -->
40        <activity
40-->src\main\AndroidManifest.xml:28:9-34:20
41            android:name="com.example.epsify.ProfileActivity"
41-->src\main\AndroidManifest.xml:29:13-44
42            android:exported="true" >
42-->src\main\AndroidManifest.xml:30:13-36
43            <intent-filter>
43-->src\main\AndroidManifest.xml:31:13-33:29
44                <action android:name="android.intent.action.MAIN" />
44-->src\main\AndroidManifest.xml:32:17-69
44-->src\main\AndroidManifest.xml:32:25-66
45            </intent-filter>
46        </activity>
47        <activity
47-->src\main\AndroidManifest.xml:35:9-37:39
48            android:name="com.example.epsify.StudentInfoActivity"
48-->src\main\AndroidManifest.xml:36:13-48
49            android:exported="true" />
49-->src\main\AndroidManifest.xml:37:13-36
50        <activity
50-->src\main\AndroidManifest.xml:38:9-40:40
51            android:name="com.example.epsify.GroupActivity"
51-->src\main\AndroidManifest.xml:39:13-42
52            android:exported="false" />
52-->src\main\AndroidManifest.xml:40:13-37
53        <activity
53-->src\main\AndroidManifest.xml:41:9-43:40
54            android:name="com.example.epsify.ToolbarActivity"
54-->src\main\AndroidManifest.xml:42:13-44
55            android:exported="false" />
55-->src\main\AndroidManifest.xml:43:13-37
56        <activity
56-->src\main\AndroidManifest.xml:44:9-52:20
57            android:name="com.example.epsify.SplashActivity"
57-->src\main\AndroidManifest.xml:45:13-43
58            android:exported="true" >
58-->src\main\AndroidManifest.xml:46:13-36
59            <intent-filter>
59-->src\main\AndroidManifest.xml:47:13-51:29
60                <action android:name="android.intent.action.MAIN" />
60-->src\main\AndroidManifest.xml:32:17-69
60-->src\main\AndroidManifest.xml:32:25-66
61
62                <category android:name="android.intent.category.LAUNCHER" />
62-->src\main\AndroidManifest.xml:50:17-77
62-->src\main\AndroidManifest.xml:50:27-74
63            </intent-filter>
64        </activity>
65        <activity
65-->src\main\AndroidManifest.xml:53:9-55:40
66            android:name="com.example.epsify.MainActivity"
66-->src\main\AndroidManifest.xml:54:13-41
67            android:exported="false" />
67-->src\main\AndroidManifest.xml:55:13-37
68
69        <provider
69-->[com.squareup.picasso:picasso:2.71828] AndroidManifest.xml:8:9-11:40
70            android:name="com.squareup.picasso.PicassoProvider"
70-->[com.squareup.picasso:picasso:2.71828] AndroidManifest.xml:9:13-64
71            android:authorities="com.example.epsify.com.squareup.picasso"
71-->[com.squareup.picasso:picasso:2.71828] AndroidManifest.xml:10:13-72
72            android:exported="false" />
72-->[com.squareup.picasso:picasso:2.71828] AndroidManifest.xml:11:13-37
73
74        <activity
74-->[com.google.android.gms:play-services-base:17.0.0] AndroidManifest.xml:23:9-26:75
75            android:name="com.google.android.gms.common.api.GoogleApiActivity"
75-->[com.google.android.gms:play-services-base:17.0.0] AndroidManifest.xml:24:13-79
76            android:exported="false"
76-->[com.google.android.gms:play-services-base:17.0.0] AndroidManifest.xml:25:13-37
77            android:theme="@android:style/Theme.Translucent.NoTitleBar" />
77-->[com.google.android.gms:play-services-base:17.0.0] AndroidManifest.xml:26:13-72
78
79        <meta-data
79-->[com.google.android.gms:play-services-basement:17.0.0] AndroidManifest.xml:23:9-25:69
80            android:name="com.google.android.gms.version"
80-->[com.google.android.gms:play-services-basement:17.0.0] AndroidManifest.xml:24:13-58
81            android:value="@integer/google_play_services_version" />
81-->[com.google.android.gms:play-services-basement:17.0.0] AndroidManifest.xml:25:13-66
82
83        <provider
83-->[androidx.emoji2:emoji2:1.0.0] AndroidManifest.xml:26:9-34:20
84            android:name="androidx.startup.InitializationProvider"
84-->[androidx.emoji2:emoji2:1.0.0] AndroidManifest.xml:27:13-67
85            android:authorities="com.example.epsify.androidx-startup"
85-->[androidx.emoji2:emoji2:1.0.0] AndroidManifest.xml:28:13-68
86            android:exported="false" >
86-->[androidx.emoji2:emoji2:1.0.0] AndroidManifest.xml:29:13-37
87            <meta-data
87-->[androidx.emoji2:emoji2:1.0.0] AndroidManifest.xml:31:13-33:52
88                android:name="androidx.emoji2.text.EmojiCompatInitializer"
88-->[androidx.emoji2:emoji2:1.0.0] AndroidManifest.xml:32:17-75
89                android:value="androidx.startup" />
89-->[androidx.emoji2:emoji2:1.0.0] AndroidManifest.xml:33:17-49
90            <meta-data
90-->[androidx.lifecycle:lifecycle-process:2.4.0] AndroidManifest.xml:31:13-33:52
91                android:name="androidx.lifecycle.ProcessLifecycleInitializer"
91-->[androidx.lifecycle:lifecycle-process:2.4.0] AndroidManifest.xml:32:17-78
92                android:value="androidx.startup" />
92-->[androidx.lifecycle:lifecycle-process:2.4.0] AndroidManifest.xml:33:17-49
93        </provider>
94    </application>
95
96</manifest>